INFO:     Will watch for changes in these directories: ['c:\\SKOL WORKS\\PROJECT\\ai exam checker\\backend']
INFO:     Uvicorn running on http://127.0.0.1:8000 (Press CTRL+C to quit)
INFO:     Started reloader process [19508] using WatchFiles
Python-dotenv could not parse statement starting at line 4
Process SpawnProcess-1:
Traceback (most recent call last):
  File "C:\Python313\Lib\multiprocessing\process.py", line 313, in _bootstrap
    self.run()
    ~~~~~~~~^^
  File "C:\Python313\Lib\multiprocessing\process.py", line 108, in run
    self._target(*self._args, **self._kwargs)
    ~~~~~~~~~~~~^^^^^^^^^^^^^^^^^^^^^^^^^^^^^
  File "c:\SKOL WORKS\PROJECT\ai exam checker\backend\venv\Lib\site-packages\uvicorn\_subprocess.py", line 78, in subprocess_started
    target(sockets=sockets)
    ~~~~~~^^^^^^^^^^^^^^^^^
  File "c:\SKOL WORKS\PROJECT\ai exam checker\backend\venv\Lib\site-packages\uvicorn\server.py", line 62, in run
    return asyncio.run(self.serve(sockets=sockets))
           ~~~~~~~~~~~^^^^^^^^^^^^^^^^^^^^^^^^^^^^^
  File "C:\Python313\Lib\asyncio\runners.py", line 195, in run
    return runner.run(main)
           ~~~~~~~~~~^^^^^^
  File "C:\Python313\Lib\asyncio\runners.py", line 118, in run
    return self._loop.run_until_complete(task)
           ~~~~~~~~~~~~~~~~~~~~~~~~~~~~~^^^^^^
  File "C:\Python313\Lib\asyncio\base_events.py", line 725, in run_until_complete
    return future.result()
           ~~~~~~~~~~~~~^^
  File "c:\SKOL WORKS\PROJECT\ai exam checker\backend\venv\Lib\site-packages\uvicorn\server.py", line 69, in serve
    config.load()
    ~~~~~~~~~~~^^
  File "c:\SKOL WORKS\PROJECT\ai exam checker\backend\venv\Lib\site-packages\uvicorn\config.py", line 458, in load
    self.loaded_app = import_from_string(self.app)
                      ~~~~~~~~~~~~~~~~~~^^^^^^^^^^
  File "c:\SKOL WORKS\PROJECT\ai exam checker\backend\venv\Lib\site-packages\uvicorn\importer.py", line 21, in import_from_string
    module = importlib.import_module(module_str)
  File "C:\Python313\Lib\importlib\__init__.py", line 88, in import_module
    return _bootstrap._gcd_import(name[level:], package, level)
           ~~~~~~~~~~~~~~~~~~~~~~^^^^^^^^^^^^^^^^^^^^^^^^^^^^^^
  File "<frozen importlib._bootstrap>", line 1387, in _gcd_import
  File "<frozen importlib._bootstrap>", line 1360, in _find_and_load
  File "<frozen importlib._bootstrap>", line 1331, in _find_and_load_unlocked
  File "<frozen importlib._bootstrap>", line 935, in _load_unlocked
  File "<frozen importlib._bootstrap_external>", line 1026, in exec_module
  File "<frozen importlib._bootstrap>", line 488, in _call_with_frames_removed
  File "c:\SKOL WORKS\PROJECT\ai exam checker\backend\main.py", line 12, in <module>
    from app.config import settings
  File "c:\SKOL WORKS\PROJECT\ai exam checker\backend\app\config.py", line 97, in <module>
    settings = Settings()
  File "c:\SKOL WORKS\PROJECT\ai exam checker\backend\venv\Lib\site-packages\pydantic_settings\main.py", line 247, in __init__
    super().__init__(**__pydantic_self__.__class__._settings_build_values(sources, init_kwargs))
    ~~~~~~~~~~~~~~~~^^^^^^^^^^^^^^^^^^^^^^^^^^^^^^^^^^^^^^^^^^^^^^^^^^^^^^^^^^^^^^^^^^^^^^^^^^^^
  File "c:\SKOL WORKS\PROJECT\ai exam checker\backend\venv\Lib\site-packages\pydantic\main.py", line 263, in __init__
    validated_self = self.__pydantic_validator__.validate_python(data, self_instance=self)
pydantic_core._pydantic_core.ValidationError: 2 validation errors for Settings
debug
  Input should be a valid boolean, unable to interpret input [type=bool_parsing, input_value='release', input_type=str]
    For further information visit https://errors.pydantic.dev/2.13/v/bool_parsing
firebase_private_key
  Field required [type=missing, input_value={'app_name': 'AI Exam Che... 'max_page_size': '100'}, input_type=dict]
    For further information visit https://errors.pydantic.dev/2.13/v/missing
WARNING:  WatchFiles detected changes in 'app\firebase\init_firebase.py'. Reloading...
Process SpawnProcess-2:
Traceback (most recent call last):
  File "C:\Python313\Lib\multiprocessing\process.py", line 313, in _bootstrap
    self.run()
    ~~~~~~~~^^
  File "C:\Python313\Lib\multiprocessing\process.py", line 108, in run
    self._target(*self._args, **self._kwargs)
    ~~~~~~~~~~~~^^^^^^^^^^^^^^^^^^^^^^^^^^^^^
  File "c:\SKOL WORKS\PROJECT\ai exam checker\backend\venv\Lib\site-packages\uvicorn\_subprocess.py", line 78, in subprocess_started
    target(sockets=sockets)
    ~~~~~~^^^^^^^^^^^^^^^^^
  File "c:\SKOL WORKS\PROJECT\ai exam checker\backend\venv\Lib\site-packages\uvicorn\server.py", line 62, in run
    return asyncio.run(self.serve(sockets=sockets))
           ~~~~~~~~~~~^^^^^^^^^^^^^^^^^^^^^^^^^^^^^
  File "C:\Python313\Lib\asyncio\runners.py", line 195, in run
    return runner.run(main)
           ~~~~~~~~~~^^^^^^
  File "C:\Python313\Lib\asyncio\runners.py", line 118, in run
    return self._loop.run_until_complete(task)
           ~~~~~~~~~~~~~~~~~~~~~~~~~~~~~^^^^^^
  File "C:\Python313\Lib\asyncio\base_events.py", line 725, in run_until_complete
    return future.result()
           ~~~~~~~~~~~~~^^
  File "c:\SKOL WORKS\PROJECT\ai exam checker\backend\venv\Lib\site-packages\uvicorn\server.py", line 69, in serve
    config.load()
    ~~~~~~~~~~~^^
  File "c:\SKOL WORKS\PROJECT\ai exam checker\backend\venv\Lib\site-packages\uvicorn\config.py", line 458, in load
    self.loaded_app = import_from_string(self.app)
                      ~~~~~~~~~~~~~~~~~~^^^^^^^^^^
  File "c:\SKOL WORKS\PROJECT\ai exam checker\backend\venv\Lib\site-packages\uvicorn\importer.py", line 21, in import_from_string
    module = importlib.import_module(module_str)
  File "C:\Python313\Lib\importlib\__init__.py", line 88, in import_module
    return _bootstrap._gcd_import(name[level:], package, level)
           ~~~~~~~~~~~~~~~~~~~~~~^^^^^^^^^^^^^^^^^^^^^^^^^^^^^^
  File "<frozen importlib._bootstrap>", line 1387, in _gcd_import
  File "<frozen importlib._bootstrap>", line 1360, in _find_and_load
  File "<frozen importlib._bootstrap>", line 1331, in _find_and_load_unlocked
  File "<frozen importlib._bootstrap>", line 935, in _load_unlocked
  File "<frozen importlib._bootstrap_external>", line 1026, in exec_module
  File "<frozen importlib._bootstrap>", line 488, in _call_with_frames_removed
  File "c:\SKOL WORKS\PROJECT\ai exam checker\backend\main.py", line 12, in <module>
    from app.config import settings
  File "c:\SKOL WORKS\PROJECT\ai exam checker\backend\app\config.py", line 97, in <module>
    settings = Settings()
  File "c:\SKOL WORKS\PROJECT\ai exam checker\backend\venv\Lib\site-packages\pydantic_settings\main.py", line 247, in __init__
    super().__init__(**__pydantic_self__.__class__._settings_build_values(sources, init_kwargs))
    ~~~~~~~~~~~~~~~~^^^^^^^^^^^^^^^^^^^^^^^^^^^^^^^^^^^^^^^^^^^^^^^^^^^^^^^^^^^^^^^^^^^^^^^^^^^^
  File "c:\SKOL WORKS\PROJECT\ai exam checker\backend\venv\Lib\site-packages\pydantic\main.py", line 263, in __init__
    validated_self = self.__pydantic_validator__.validate_python(data, self_instance=self)
pydantic_core._pydantic_core.ValidationError: 1 validation error for Settings
debug
  Input should be a valid boolean, unable to interpret input [type=bool_parsing, input_value='release', input_type=str]
    For further information visit https://errors.pydantic.dev/2.13/v/bool_parsing
WARNING:  WatchFiles detected changes in 'app\services\teacher_service.py'. Reloading...
Process SpawnProcess-3:
Traceback (most recent call last):
  File "C:\Python313\Lib\multiprocessing\process.py", line 313, in _bootstrap
    self.run()
    ~~~~~~~~^^
  File "C:\Python313\Lib\multiprocessing\process.py", line 108, in run
    self._target(*self._args, **self._kwargs)
    ~~~~~~~~~~~~^^^^^^^^^^^^^^^^^^^^^^^^^^^^^
  File "c:\SKOL WORKS\PROJECT\ai exam checker\backend\venv\Lib\site-packages\uvicorn\_subprocess.py", line 78, in subprocess_started
    target(sockets=sockets)
    ~~~~~~^^^^^^^^^^^^^^^^^
  File "c:\SKOL WORKS\PROJECT\ai exam checker\backend\venv\Lib\site-packages\uvicorn\server.py", line 62, in run
    return asyncio.run(self.serve(sockets=sockets))
           ~~~~~~~~~~~^^^^^^^^^^^^^^^^^^^^^^^^^^^^^
  File "C:\Python313\Lib\asyncio\runners.py", line 195, in run
    return runner.run(main)
           ~~~~~~~~~~^^^^^^
  File "C:\Python313\Lib\asyncio\runners.py", line 118, in run
    return self._loop.run_until_complete(task)
           ~~~~~~~~~~~~~~~~~~~~~~~~~~~~~^^^^^^
  File "C:\Python313\Lib\asyncio\base_events.py", line 725, in run_until_complete
    return future.result()
           ~~~~~~~~~~~~~^^
  File "c:\SKOL WORKS\PROJECT\ai exam checker\backend\venv\Lib\site-packages\uvicorn\server.py", line 69, in serve
    config.load()
    ~~~~~~~~~~~^^
  File "c:\SKOL WORKS\PROJECT\ai exam checker\backend\venv\Lib\site-packages\uvicorn\config.py", line 458, in load
    self.loaded_app = import_from_string(self.app)
                      ~~~~~~~~~~~~~~~~~~^^^^^^^^^^
  File "c:\SKOL WORKS\PROJECT\ai exam checker\backend\venv\Lib\site-packages\uvicorn\importer.py", line 21, in import_from_string
    module = importlib.import_module(module_str)
  File "C:\Python313\Lib\importlib\__init__.py", line 88, in import_module
    return _bootstrap._gcd_import(name[level:], package, level)
           ~~~~~~~~~~~~~~~~~~~~~~^^^^^^^^^^^^^^^^^^^^^^^^^^^^^^
  File "<frozen importlib._bootstrap>", line 1387, in _gcd_import
  File "<frozen importlib._bootstrap>", line 1360, in _find_and_load
  File "<frozen importlib._bootstrap>", line 1331, in _find_and_load_unlocked
  File "<frozen importlib._bootstrap>", line 935, in _load_unlocked
  File "<frozen importlib._bootstrap_external>", line 1026, in exec_module
  File "<frozen importlib._bootstrap>", line 488, in _call_with_frames_removed
  File "c:\SKOL WORKS\PROJECT\ai exam checker\backend\main.py", line 12, in <module>
    from app.config import settings
  File "c:\SKOL WORKS\PROJECT\ai exam checker\backend\app\config.py", line 97, in <module>
    settings = Settings()
  File "c:\SKOL WORKS\PROJECT\ai exam checker\backend\venv\Lib\site-packages\pydantic_settings\main.py", line 247, in __init__
    super().__init__(**__pydantic_self__.__class__._settings_build_values(sources, init_kwargs))
    ~~~~~~~~~~~~~~~~^^^^^^^^^^^^^^^^^^^^^^^^^^^^^^^^^^^^^^^^^^^^^^^^^^^^^^^^^^^^^^^^^^^^^^^^^^^^
  File "c:\SKOL WORKS\PROJECT\ai exam checker\backend\venv\Lib\site-packages\pydantic\main.py", line 263, in __init__
    validated_self = self.__pydantic_validator__.validate_python(data, self_instance=self)
pydantic_core._pydantic_core.ValidationError: 1 validation error for Settings
debug
  Input should be a valid boolean, unable to interpret input [type=bool_parsing, input_value='release', input_type=str]
    For further information visit https://errors.pydantic.dev/2.13/v/bool_parsing
WARNING:  WatchFiles detected changes in 'app\services\class_service.py'. Reloading...
Process SpawnProcess-4:
Traceback (most recent call last):
  File "C:\Python313\Lib\multiprocessing\process.py", line 313, in _bootstrap
    self.run()
    ~~~~~~~~^^
  File "C:\Python313\Lib\multiprocessing\process.py", line 108, in run
    self._target(*self._args, **self._kwargs)
    ~~~~~~~~~~~~^^^^^^^^^^^^^^^^^^^^^^^^^^^^^
  File "c:\SKOL WORKS\PROJECT\ai exam checker\backend\venv\Lib\site-packages\uvicorn\_subprocess.py", line 78, in subprocess_started
    target(sockets=sockets)
    ~~~~~~^^^^^^^^^^^^^^^^^
  File "c:\SKOL WORKS\PROJECT\ai exam checker\backend\venv\Lib\site-packages\uvicorn\server.py", line 62, in run
    return asyncio.run(self.serve(sockets=sockets))
           ~~~~~~~~~~~^^^^^^^^^^^^^^^^^^^^^^^^^^^^^
  File "C:\Python313\Lib\asyncio\runners.py", line 195, in run
    return runner.run(main)
           ~~~~~~~~~~^^^^^^
  File "C:\Python313\Lib\asyncio\runners.py", line 118, in run
    return self._loop.run_until_complete(task)
           ~~~~~~~~~~~~~~~~~~~~~~~~~~~~~^^^^^^
  File "C:\Python313\Lib\asyncio\base_events.py", line 725, in run_until_complete
    return future.result()
           ~~~~~~~~~~~~~^^
  File "c:\SKOL WORKS\PROJECT\ai exam checker\backend\venv\Lib\site-packages\uvicorn\server.py", line 69, in serve
    config.load()
    ~~~~~~~~~~~^^
  File "c:\SKOL WORKS\PROJECT\ai exam checker\backend\venv\Lib\site-packages\uvicorn\config.py", line 458, in load
    self.loaded_app = import_from_string(self.app)
                      ~~~~~~~~~~~~~~~~~~^^^^^^^^^^
  File "c:\SKOL WORKS\PROJECT\ai exam checker\backend\venv\Lib\site-packages\uvicorn\importer.py", line 21, in import_from_string
    module = importlib.import_module(module_str)
  File "C:\Python313\Lib\importlib\__init__.py", line 88, in import_module
    return _bootstrap._gcd_import(name[level:], package, level)
           ~~~~~~~~~~~~~~~~~~~~~~^^^^^^^^^^^^^^^^^^^^^^^^^^^^^^
  File "<frozen importlib._bootstrap>", line 1387, in _gcd_import
  File "<frozen importlib._bootstrap>", line 1360, in _find_and_load
  File "<frozen importlib._bootstrap>", line 1331, in _find_and_load_unlocked
  File "<frozen importlib._bootstrap>", line 935, in _load_unlocked
  File "<frozen importlib._bootstrap_external>", line 1026, in exec_module
  File "<frozen importlib._bootstrap>", line 488, in _call_with_frames_removed
  File "c:\SKOL WORKS\PROJECT\ai exam checker\backend\main.py", line 12, in <module>
    from app.config import settings
  File "c:\SKOL WORKS\PROJECT\ai exam checker\backend\app\config.py", line 97, in <module>
    settings = Settings()
  File "c:\SKOL WORKS\PROJECT\ai exam checker\backend\venv\Lib\site-packages\pydantic_settings\main.py", line 247, in __init__
    super().__init__(**__pydantic_self__.__class__._settings_build_values(sources, init_kwargs))
    ~~~~~~~~~~~~~~~~^^^^^^^^^^^^^^^^^^^^^^^^^^^^^^^^^^^^^^^^^^^^^^^^^^^^^^^^^^^^^^^^^^^^^^^^^^^^
  File "c:\SKOL WORKS\PROJECT\ai exam checker\backend\venv\Lib\site-packages\pydantic\main.py", line 263, in __init__
    validated_self = self.__pydantic_validator__.validate_python(data, self_instance=self)
pydantic_core._pydantic_core.ValidationError: 1 validation error for Settings
debug
  Input should be a valid boolean, unable to interpret input [type=bool_parsing, input_value='release', input_type=str]
    For further information visit https://errors.pydantic.dev/2.13/v/bool_parsing
WARNING:  WatchFiles detected changes in 'app\services\exam_service.py'. Reloading...
Process SpawnProcess-5:
Traceback (most recent call last):
  File "C:\Python313\Lib\multiprocessing\process.py", line 313, in _bootstrap
    self.run()
    ~~~~~~~~^^
  File "C:\Python313\Lib\multiprocessing\process.py", line 108, in run
    self._target(*self._args, **self._kwargs)
    ~~~~~~~~~~~~^^^^^^^^^^^^^^^^^^^^^^^^^^^^^
  File "c:\SKOL WORKS\PROJECT\ai exam checker\backend\venv\Lib\site-packages\uvicorn\_subprocess.py", line 78, in subprocess_started
    target(sockets=sockets)
    ~~~~~~^^^^^^^^^^^^^^^^^
  File "c:\SKOL WORKS\PROJECT\ai exam checker\backend\venv\Lib\site-packages\uvicorn\server.py", line 62, in run
    return asyncio.run(self.serve(sockets=sockets))
           ~~~~~~~~~~~^^^^^^^^^^^^^^^^^^^^^^^^^^^^^
  File "C:\Python313\Lib\asyncio\runners.py", line 195, in run
    return runner.run(main)
           ~~~~~~~~~~^^^^^^
  File "C:\Python313\Lib\asyncio\runners.py", line 118, in run
    return self._loop.run_until_complete(task)
           ~~~~~~~~~~~~~~~~~~~~~~~~~~~~~^^^^^^
  File "C:\Python313\Lib\asyncio\base_events.py", line 725, in run_until_complete
    return future.result()
           ~~~~~~~~~~~~~^^
  File "c:\SKOL WORKS\PROJECT\ai exam checker\backend\venv\Lib\site-packages\uvicorn\server.py", line 69, in serve
    config.load()
    ~~~~~~~~~~~^^
  File "c:\SKOL WORKS\PROJECT\ai exam checker\backend\venv\Lib\site-packages\uvicorn\config.py", line 458, in load
    self.loaded_app = import_from_string(self.app)
                      ~~~~~~~~~~~~~~~~~~^^^^^^^^^^
  File "c:\SKOL WORKS\PROJECT\ai exam checker\backend\venv\Lib\site-packages\uvicorn\importer.py", line 21, in import_from_string
    module = importlib.import_module(module_str)
  File "C:\Python313\Lib\importlib\__init__.py", line 88, in import_module
    return _bootstrap._gcd_import(name[level:], package, level)
           ~~~~~~~~~~~~~~~~~~~~~~^^^^^^^^^^^^^^^^^^^^^^^^^^^^^^
  File "<frozen importlib._bootstrap>", line 1387, in _gcd_import
  File "<frozen importlib._bootstrap>", line 1360, in _find_and_load
  File "<frozen importlib._bootstrap>", line 1331, in _find_and_load_unlocked
  File "<frozen importlib._bootstrap>", line 935, in _load_unlocked
  File "<frozen importlib._bootstrap_external>", line 1026, in exec_module
  File "<frozen importlib._bootstrap>", line 488, in _call_with_frames_removed
  File "c:\SKOL WORKS\PROJECT\ai exam checker\backend\main.py", line 12, in <module>
    from app.config import settings
  File "c:\SKOL WORKS\PROJECT\ai exam checker\backend\app\config.py", line 97, in <module>
    settings = Settings()
  File "c:\SKOL WORKS\PROJECT\ai exam checker\backend\venv\Lib\site-packages\pydantic_settings\main.py", line 247, in __init__
    super().__init__(**__pydantic_self__.__class__._settings_build_values(sources, init_kwargs))
    ~~~~~~~~~~~~~~~~^^^^^^^^^^^^^^^^^^^^^^^^^^^^^^^^^^^^^^^^^^^^^^^^^^^^^^^^^^^^^^^^^^^^^^^^^^^^
  File "c:\SKOL WORKS\PROJECT\ai exam checker\backend\venv\Lib\site-packages\pydantic\main.py", line 263, in __init__
    validated_self = self.__pydantic_validator__.validate_python(data, self_instance=self)
pydantic_core._pydantic_core.ValidationError: 1 validation error for Settings
debug
  Input should be a valid boolean, unable to interpret input [type=bool_parsing, input_value='release', input_type=str]
    For further information visit https://errors.pydantic.dev/2.13/v/bool_parsing
WARNING:  WatchFiles detected changes in 'app\services\result_service.py'. Reloading...
Process SpawnProcess-6:
Traceback (most recent call last):
  File "C:\Python313\Lib\multiprocessing\process.py", line 313, in _bootstrap
    self.run()
    ~~~~~~~~^^
  File "C:\Python313\Lib\multiprocessing\process.py", line 108, in run
    self._target(*self._args, **self._kwargs)
    ~~~~~~~~~~~~^^^^^^^^^^^^^^^^^^^^^^^^^^^^^
  File "c:\SKOL WORKS\PROJECT\ai exam checker\backend\venv\Lib\site-packages\uvicorn\_subprocess.py", line 78, in subprocess_started
    target(sockets=sockets)
    ~~~~~~^^^^^^^^^^^^^^^^^
  File "c:\SKOL WORKS\PROJECT\ai exam checker\backend\venv\Lib\site-packages\uvicorn\server.py", line 62, in run
    return asyncio.run(self.serve(sockets=sockets))
           ~~~~~~~~~~~^^^^^^^^^^^^^^^^^^^^^^^^^^^^^
  File "C:\Python313\Lib\asyncio\runners.py", line 195, in run
    return runner.run(main)
           ~~~~~~~~~~^^^^^^
  File "C:\Python313\Lib\asyncio\runners.py", line 118, in run
    return self._loop.run_until_complete(task)
           ~~~~~~~~~~~~~~~~~~~~~~~~~~~~~^^^^^^
  File "C:\Python313\Lib\asyncio\base_events.py", line 725, in run_until_complete
    return future.result()
           ~~~~~~~~~~~~~^^
  File "c:\SKOL WORKS\PROJECT\ai exam checker\backend\venv\Lib\site-packages\uvicorn\server.py", line 69, in serve
    config.load()
    ~~~~~~~~~~~^^
  File "c:\SKOL WORKS\PROJECT\ai exam checker\backend\venv\Lib\site-packages\uvicorn\config.py", line 458, in load
    self.loaded_app = import_from_string(self.app)
                      ~~~~~~~~~~~~~~~~~~^^^^^^^^^^
  File "c:\SKOL WORKS\PROJECT\ai exam checker\backend\venv\Lib\site-packages\uvicorn\importer.py", line 21, in import_from_string
    module = importlib.import_module(module_str)
  File "C:\Python313\Lib\importlib\__init__.py", line 88, in import_module
    return _bootstrap._gcd_import(name[level:], package, level)
           ~~~~~~~~~~~~~~~~~~~~~~^^^^^^^^^^^^^^^^^^^^^^^^^^^^^^
  File "<frozen importlib._bootstrap>", line 1387, in _gcd_import
  File "<frozen importlib._bootstrap>", line 1360, in _find_and_load
  File "<frozen importlib._bootstrap>", line 1331, in _find_and_load_unlocked
  File "<frozen importlib._bootstrap>", line 935, in _load_unlocked
  File "<frozen importlib._bootstrap_external>", line 1026, in exec_module
  File "<frozen importlib._bootstrap>", line 488, in _call_with_frames_removed
  File "c:\SKOL WORKS\PROJECT\ai exam checker\backend\main.py", line 12, in <module>
    from app.config import settings
  File "c:\SKOL WORKS\PROJECT\ai exam checker\backend\app\config.py", line 97, in <module>
    settings = Settings()
  File "c:\SKOL WORKS\PROJECT\ai exam checker\backend\venv\Lib\site-packages\pydantic_settings\main.py", line 247, in __init__
    super().__init__(**__pydantic_self__.__class__._settings_build_values(sources, init_kwargs))
    ~~~~~~~~~~~~~~~~^^^^^^^^^^^^^^^^^^^^^^^^^^^^^^^^^^^^^^^^^^^^^^^^^^^^^^^^^^^^^^^^^^^^^^^^^^^^
  File "c:\SKOL WORKS\PROJECT\ai exam checker\backend\venv\Lib\site-packages\pydantic\main.py", line 263, in __init__
    validated_self = self.__pydantic_validator__.validate_python(data, self_instance=self)
pydantic_core._pydantic_core.ValidationError: 1 validation error for Settings
debug
  Input should be a valid boolean, unable to interpret input [type=bool_parsing, input_value='release', input_type=str]
    For further information visit https://errors.pydantic.dev/2.13/v/bool_parsing
WARNING:  WatchFiles detected changes in 'app\services\scan_history_service.py'. Reloading...
Process SpawnProcess-7:
Traceback (most recent call last):
  File "C:\Python313\Lib\multiprocessing\process.py", line 313, in _bootstrap
    self.run()
    ~~~~~~~~^^
  File "C:\Python313\Lib\multiprocessing\process.py", line 108, in run
    self._target(*self._args, **self._kwargs)
    ~~~~~~~~~~~~^^^^^^^^^^^^^^^^^^^^^^^^^^^^^
  File "c:\SKOL WORKS\PROJECT\ai exam checker\backend\venv\Lib\site-packages\uvicorn\_subprocess.py", line 78, in subprocess_started
    target(sockets=sockets)
    ~~~~~~^^^^^^^^^^^^^^^^^
  File "c:\SKOL WORKS\PROJECT\ai exam checker\backend\venv\Lib\site-packages\uvicorn\server.py", line 62, in run
    return asyncio.run(self.serve(sockets=sockets))
           ~~~~~~~~~~~^^^^^^^^^^^^^^^^^^^^^^^^^^^^^
  File "C:\Python313\Lib\asyncio\runners.py", line 195, in run
    return runner.run(main)
           ~~~~~~~~~~^^^^^^
  File "C:\Python313\Lib\asyncio\runners.py", line 118, in run
    return self._loop.run_until_complete(task)
           ~~~~~~~~~~~~~~~~~~~~~~~~~~~~~^^^^^^
  File "C:\Python313\Lib\asyncio\base_events.py", line 725, in run_until_complete
    return future.result()
           ~~~~~~~~~~~~~^^
  File "c:\SKOL WORKS\PROJECT\ai exam checker\backend\venv\Lib\site-packages\uvicorn\server.py", line 69, in serve
    config.load()
    ~~~~~~~~~~~^^
  File "c:\SKOL WORKS\PROJECT\ai exam checker\backend\venv\Lib\site-packages\uvicorn\config.py", line 458, in load
    self.loaded_app = import_from_string(self.app)
                      ~~~~~~~~~~~~~~~~~~^^^^^^^^^^
  File "c:\SKOL WORKS\PROJECT\ai exam checker\backend\venv\Lib\site-packages\uvicorn\importer.py", line 21, in import_from_string
    module = importlib.import_module(module_str)
  File "C:\Python313\Lib\importlib\__init__.py", line 88, in import_module
    return _bootstrap._gcd_import(name[level:], package, level)
           ~~~~~~~~~~~~~~~~~~~~~~^^^^^^^^^^^^^^^^^^^^^^^^^^^^^^
  File "<frozen importlib._bootstrap>", line 1387, in _gcd_import
  File "<frozen importlib._bootstrap>", line 1360, in _find_and_load
  File "<frozen importlib._bootstrap>", line 1331, in _find_and_load_unlocked
  File "<frozen importlib._bootstrap>", line 935, in _load_unlocked
  File "<frozen importlib._bootstrap_external>", line 1026, in exec_module
  File "<frozen importlib._bootstrap>", line 488, in _call_with_frames_removed
  File "c:\SKOL WORKS\PROJECT\ai exam checker\backend\main.py", line 12, in <module>
    from app.config import settings
  File "c:\SKOL WORKS\PROJECT\ai exam checker\backend\app\config.py", line 97, in <module>
    settings = Settings()
  File "c:\SKOL WORKS\PROJECT\ai exam checker\backend\venv\Lib\site-packages\pydantic_settings\main.py", line 247, in __init__
    super().__init__(**__pydantic_self__.__class__._settings_build_values(sources, init_kwargs))
    ~~~~~~~~~~~~~~~~^^^^^^^^^^^^^^^^^^^^^^^^^^^^^^^^^^^^^^^^^^^^^^^^^^^^^^^^^^^^^^^^^^^^^^^^^^^^
  File "c:\SKOL WORKS\PROJECT\ai exam checker\backend\venv\Lib\site-packages\pydantic\main.py", line 263, in __init__
    validated_self = self.__pydantic_validator__.validate_python(data, self_instance=self)
pydantic_core._pydantic_core.ValidationError: 1 validation error for Settings
debug
  Input should be a valid boolean, unable to interpret input [type=bool_parsing, input_value='release', input_type=str]
    For further information visit https://errors.pydantic.dev/2.13/v/bool_parsing
WARNING:  WatchFiles detected changes in 'app\services\settings_service.py'. Reloading...
Process SpawnProcess-8:
Traceback (most recent call last):
  File "C:\Python313\Lib\multiprocessing\process.py", line 313, in _bootstrap
    self.run()
    ~~~~~~~~^^
  File "C:\Python313\Lib\multiprocessing\process.py", line 108, in run
    self._target(*self._args, **self._kwargs)
    ~~~~~~~~~~~~^^^^^^^^^^^^^^^^^^^^^^^^^^^^^
  File "c:\SKOL WORKS\PROJECT\ai exam checker\backend\venv\Lib\site-packages\uvicorn\_subprocess.py", line 78, in subprocess_started
    target(sockets=sockets)
    ~~~~~~^^^^^^^^^^^^^^^^^
  File "c:\SKOL WORKS\PROJECT\ai exam checker\backend\venv\Lib\site-packages\uvicorn\server.py", line 62, in run
    return asyncio.run(self.serve(sockets=sockets))
           ~~~~~~~~~~~^^^^^^^^^^^^^^^^^^^^^^^^^^^^^
  File "C:\Python313\Lib\asyncio\runners.py", line 195, in run
    return runner.run(main)
           ~~~~~~~~~~^^^^^^
  File "C:\Python313\Lib\asyncio\runners.py", line 118, in run
    return self._loop.run_until_complete(task)
           ~~~~~~~~~~~~~~~~~~~~~~~~~~~~~^^^^^^
  File "C:\Python313\Lib\asyncio\base_events.py", line 725, in run_until_complete
    return future.result()
           ~~~~~~~~~~~~~^^
  File "c:\SKOL WORKS\PROJECT\ai exam checker\backend\venv\Lib\site-packages\uvicorn\server.py", line 69, in serve
    config.load()
    ~~~~~~~~~~~^^
  File "c:\SKOL WORKS\PROJECT\ai exam checker\backend\venv\Lib\site-packages\uvicorn\config.py", line 458, in load
    self.loaded_app = import_from_string(self.app)
                      ~~~~~~~~~~~~~~~~~~^^^^^^^^^^
  File "c:\SKOL WORKS\PROJECT\ai exam checker\backend\venv\Lib\site-packages\uvicorn\importer.py", line 21, in import_from_string
    module = importlib.import_module(module_str)
  File "C:\Python313\Lib\importlib\__init__.py", line 88, in import_module
    return _bootstrap._gcd_import(name[level:], package, level)
           ~~~~~~~~~~~~~~~~~~~~~~^^^^^^^^^^^^^^^^^^^^^^^^^^^^^^
  File "<frozen importlib._bootstrap>", line 1387, in _gcd_import
  File "<frozen importlib._bootstrap>", line 1360, in _find_and_load
  File "<frozen importlib._bootstrap>", line 1331, in _find_and_load_unlocked
  File "<frozen importlib._bootstrap>", line 935, in _load_unlocked
  File "<frozen importlib._bootstrap_external>", line 1026, in exec_module
  File "<frozen importlib._bootstrap>", line 488, in _call_with_frames_removed
  File "c:\SKOL WORKS\PROJECT\ai exam checker\backend\main.py", line 12, in <module>
    from app.config import settings
  File "c:\SKOL WORKS\PROJECT\ai exam checker\backend\app\config.py", line 97, in <module>
    settings = Settings()
  File "c:\SKOL WORKS\PROJECT\ai exam checker\backend\venv\Lib\site-packages\pydantic_settings\main.py", line 247, in __init__
    super().__init__(**__pydantic_self__.__class__._settings_build_values(sources, init_kwargs))
    ~~~~~~~~~~~~~~~~^^^^^^^^^^^^^^^^^^^^^^^^^^^^^^^^^^^^^^^^^^^^^^^^^^^^^^^^^^^^^^^^^^^^^^^^^^^^
  File "c:\SKOL WORKS\PROJECT\ai exam checker\backend\venv\Lib\site-packages\pydantic\main.py", line 263, in __init__
    validated_self = self.__pydantic_validator__.validate_python(data, self_instance=self)
pydantic_core._pydantic_core.ValidationError: 1 validation error for Settings
debug
  Input should be a valid boolean, unable to interpret input [type=bool_parsing, input_value='release', input_type=str]
    For further information visit https://errors.pydantic.dev/2.13/v/bool_parsing
WARNING:  WatchFiles detected changes in 'app\services\student_service.py'. Reloading...
Process SpawnProcess-9:
Traceback (most recent call last):
  File "C:\Python313\Lib\multiprocessing\process.py", line 313, in _bootstrap
    self.run()
    ~~~~~~~~^^
  File "C:\Python313\Lib\multiprocessing\process.py", line 108, in run
    self._target(*self._args, **self._kwargs)
    ~~~~~~~~~~~~^^^^^^^^^^^^^^^^^^^^^^^^^^^^^
  File "c:\SKOL WORKS\PROJECT\ai exam checker\backend\venv\Lib\site-packages\uvicorn\_subprocess.py", line 78, in subprocess_started
    target(sockets=sockets)
    ~~~~~~^^^^^^^^^^^^^^^^^
  File "c:\SKOL WORKS\PROJECT\ai exam checker\backend\venv\Lib\site-packages\uvicorn\server.py", line 62, in run
    return asyncio.run(self.serve(sockets=sockets))
           ~~~~~~~~~~~^^^^^^^^^^^^^^^^^^^^^^^^^^^^^
  File "C:\Python313\Lib\asyncio\runners.py", line 195, in run
    return runner.run(main)
           ~~~~~~~~~~^^^^^^
  File "C:\Python313\Lib\asyncio\runners.py", line 118, in run
    return self._loop.run_until_complete(task)
           ~~~~~~~~~~~~~~~~~~~~~~~~~~~~~^^^^^^
  File "C:\Python313\Lib\asyncio\base_events.py", line 725, in run_until_complete
    return future.result()
           ~~~~~~~~~~~~~^^
  File "c:\SKOL WORKS\PROJECT\ai exam checker\backend\venv\Lib\site-packages\uvicorn\server.py", line 69, in serve
    config.load()
    ~~~~~~~~~~~^^
  File "c:\SKOL WORKS\PROJECT\ai exam checker\backend\venv\Lib\site-packages\uvicorn\config.py", line 458, in load
    self.loaded_app = import_from_string(self.app)
                      ~~~~~~~~~~~~~~~~~~^^^^^^^^^^
  File "c:\SKOL WORKS\PROJECT\ai exam checker\backend\venv\Lib\site-packages\uvicorn\importer.py", line 21, in import_from_string
    module = importlib.import_module(module_str)
  File "C:\Python313\Lib\importlib\__init__.py", line 88, in import_module
    return _bootstrap._gcd_import(name[level:], package, level)
           ~~~~~~~~~~~~~~~~~~~~~~^^^^^^^^^^^^^^^^^^^^^^^^^^^^^^
  File "<frozen importlib._bootstrap>", line 1387, in _gcd_import
  File "<frozen importlib._bootstrap>", line 1360, in _find_and_load
  File "<frozen importlib._bootstrap>", line 1331, in _find_and_load_unlocked
  File "<frozen importlib._bootstrap>", line 935, in _load_unlocked
  File "<frozen importlib._bootstrap_external>", line 1026, in exec_module
  File "<frozen importlib._bootstrap>", line 488, in _call_with_frames_removed
  File "c:\SKOL WORKS\PROJECT\ai exam checker\backend\main.py", line 12, in <module>
    from app.config import settings
  File "c:\SKOL WORKS\PROJECT\ai exam checker\backend\app\config.py", line 97, in <module>
    settings = Settings()
  File "c:\SKOL WORKS\PROJECT\ai exam checker\backend\venv\Lib\site-packages\pydantic_settings\main.py", line 247, in __init__
    super().__init__(**__pydantic_self__.__class__._settings_build_values(sources, init_kwargs))
    ~~~~~~~~~~~~~~~~^^^^^^^^^^^^^^^^^^^^^^^^^^^^^^^^^^^^^^^^^^^^^^^^^^^^^^^^^^^^^^^^^^^^^^^^^^^^
  File "c:\SKOL WORKS\PROJECT\ai exam checker\backend\venv\Lib\site-packages\pydantic\main.py", line 263, in __init__
    validated_self = self.__pydantic_validator__.validate_python(data, self_instance=self)
pydantic_core._pydantic_core.ValidationError: 1 validation error for Settings
debug
  Input should be a valid boolean, unable to interpret input [type=bool_parsing, input_value='release', input_type=str]
    For further information visit https://errors.pydantic.dev/2.13/v/bool_parsing
WARNING:  WatchFiles detected changes in 'app\services\student_service.py'. Reloading...
Process SpawnProcess-10:
Traceback (most recent call last):
  File "C:\Python313\Lib\multiprocessing\process.py", line 313, in _bootstrap
    self.run()
    ~~~~~~~~^^
  File "C:\Python313\Lib\multiprocessing\process.py", line 108, in run
    self._target(*self._args, **self._kwargs)
    ~~~~~~~~~~~~^^^^^^^^^^^^^^^^^^^^^^^^^^^^^
  File "c:\SKOL WORKS\PROJECT\ai exam checker\backend\venv\Lib\site-packages\uvicorn\_subprocess.py", line 78, in subprocess_started
    target(sockets=sockets)
    ~~~~~~^^^^^^^^^^^^^^^^^
  File "c:\SKOL WORKS\PROJECT\ai exam checker\backend\venv\Lib\site-packages\uvicorn\server.py", line 62, in run
    return asyncio.run(self.serve(sockets=sockets))
           ~~~~~~~~~~~^^^^^^^^^^^^^^^^^^^^^^^^^^^^^
  File "C:\Python313\Lib\asyncio\runners.py", line 195, in run
    return runner.run(main)
           ~~~~~~~~~~^^^^^^
  File "C:\Python313\Lib\asyncio\runners.py", line 118, in run
    return self._loop.run_until_complete(task)
           ~~~~~~~~~~~~~~~~~~~~~~~~~~~~~^^^^^^
  File "C:\Python313\Lib\asyncio\base_events.py", line 725, in run_until_complete
    return future.result()
           ~~~~~~~~~~~~~^^
  File "c:\SKOL WORKS\PROJECT\ai exam checker\backend\venv\Lib\site-packages\uvicorn\server.py", line 69, in serve
    config.load()
    ~~~~~~~~~~~^^
  File "c:\SKOL WORKS\PROJECT\ai exam checker\backend\venv\Lib\site-packages\uvicorn\config.py", line 458, in load
    self.loaded_app = import_from_string(self.app)
                      ~~~~~~~~~~~~~~~~~~^^^^^^^^^^
  File "c:\SKOL WORKS\PROJECT\ai exam checker\backend\venv\Lib\site-packages\uvicorn\importer.py", line 21, in import_from_string
    module = importlib.import_module(module_str)
  File "C:\Python313\Lib\importlib\__init__.py", line 88, in import_module
    return _bootstrap._gcd_import(name[level:], package, level)
           ~~~~~~~~~~~~~~~~~~~~~~^^^^^^^^^^^^^^^^^^^^^^^^^^^^^^
  File "<frozen importlib._bootstrap>", line 1387, in _gcd_import
  File "<frozen importlib._bootstrap>", line 1360, in _find_and_load
  File "<frozen importlib._bootstrap>", line 1331, in _find_and_load_unlocked
  File "<frozen importlib._bootstrap>", line 935, in _load_unlocked
  File "<frozen importlib._bootstrap_external>", line 1026, in exec_module
  File "<frozen importlib._bootstrap>", line 488, in _call_with_frames_removed
  File "c:\SKOL WORKS\PROJECT\ai exam checker\backend\main.py", line 12, in <module>
    from app.config import settings
  File "c:\SKOL WORKS\PROJECT\ai exam checker\backend\app\config.py", line 97, in <module>
    settings = Settings()
  File "c:\SKOL WORKS\PROJECT\ai exam checker\backend\venv\Lib\site-packages\pydantic_settings\main.py", line 247, in __init__
    super().__init__(**__pydantic_self__.__class__._settings_build_values(sources, init_kwargs))
    ~~~~~~~~~~~~~~~~^^^^^^^^^^^^^^^^^^^^^^^^^^^^^^^^^^^^^^^^^^^^^^^^^^^^^^^^^^^^^^^^^^^^^^^^^^^^
  File "c:\SKOL WORKS\PROJECT\ai exam checker\backend\venv\Lib\site-packages\pydantic\main.py", line 263, in __init__
    validated_self = self.__pydantic_validator__.validate_python(data, self_instance=self)
pydantic_core._pydantic_core.ValidationError: 1 validation error for Settings
debug
  Input should be a valid boolean, unable to interpret input [type=bool_parsing, input_value='release', input_type=str]
    For further information visit https://errors.pydantic.dev/2.13/v/bool_parsing
WARNING:  WatchFiles detected changes in 'app\services\exam_service.py'. Reloading...
Process SpawnProcess-11:
Traceback (most recent call last):
  File "C:\Python313\Lib\multiprocessing\process.py", line 313, in _bootstrap
    self.run()
    ~~~~~~~~^^
  File "C:\Python313\Lib\multiprocessing\process.py", line 108, in run
    self._target(*self._args, **self._kwargs)
    ~~~~~~~~~~~~^^^^^^^^^^^^^^^^^^^^^^^^^^^^^
  File "c:\SKOL WORKS\PROJECT\ai exam checker\backend\venv\Lib\site-packages\uvicorn\_subprocess.py", line 78, in subprocess_started
    target(sockets=sockets)
    ~~~~~~^^^^^^^^^^^^^^^^^
  File "c:\SKOL WORKS\PROJECT\ai exam checker\backend\venv\Lib\site-packages\uvicorn\server.py", line 62, in run
    return asyncio.run(self.serve(sockets=sockets))
           ~~~~~~~~~~~^^^^^^^^^^^^^^^^^^^^^^^^^^^^^
  File "C:\Python313\Lib\asyncio\runners.py", line 195, in run
    return runner.run(main)
           ~~~~~~~~~~^^^^^^
  File "C:\Python313\Lib\asyncio\runners.py", line 118, in run
    return self._loop.run_until_complete(task)
           ~~~~~~~~~~~~~~~~~~~~~~~~~~~~~^^^^^^
  File "C:\Python313\Lib\asyncio\base_events.py", line 725, in run_until_complete
    return future.result()
           ~~~~~~~~~~~~~^^
  File "c:\SKOL WORKS\PROJECT\ai exam checker\backend\venv\Lib\site-packages\uvicorn\server.py", line 69, in serve
    config.load()
    ~~~~~~~~~~~^^
  File "c:\SKOL WORKS\PROJECT\ai exam checker\backend\venv\Lib\site-packages\uvicorn\config.py", line 458, in load
    self.loaded_app = import_from_string(self.app)
                      ~~~~~~~~~~~~~~~~~~^^^^^^^^^^
  File "c:\SKOL WORKS\PROJECT\ai exam checker\backend\venv\Lib\site-packages\uvicorn\importer.py", line 21, in import_from_string
    module = importlib.import_module(module_str)
  File "C:\Python313\Lib\importlib\__init__.py", line 88, in import_module
    return _bootstrap._gcd_import(name[level:], package, level)
           ~~~~~~~~~~~~~~~~~~~~~~^^^^^^^^^^^^^^^^^^^^^^^^^^^^^^
  File "<frozen importlib._bootstrap>", line 1387, in _gcd_import
  File "<frozen importlib._bootstrap>", line 1360, in _find_and_load
  File "<frozen importlib._bootstrap>", line 1331, in _find_and_load_unlocked
  File "<frozen importlib._bootstrap>", line 935, in _load_unlocked
  File "<frozen importlib._bootstrap_external>", line 1026, in exec_module
  File "<frozen importlib._bootstrap>", line 488, in _call_with_frames_removed
  File "c:\SKOL WORKS\PROJECT\ai exam checker\backend\main.py", line 12, in <module>
    from app.config import settings
  File "c:\SKOL WORKS\PROJECT\ai exam checker\backend\app\config.py", line 97, in <module>
    settings = Settings()
  File "c:\SKOL WORKS\PROJECT\ai exam checker\backend\venv\Lib\site-packages\pydantic_settings\main.py", line 247, in __init__
    super().__init__(**__pydantic_self__.__class__._settings_build_values(sources, init_kwargs))
    ~~~~~~~~~~~~~~~~^^^^^^^^^^^^^^^^^^^^^^^^^^^^^^^^^^^^^^^^^^^^^^^^^^^^^^^^^^^^^^^^^^^^^^^^^^^^
  File "c:\SKOL WORKS\PROJECT\ai exam checker\backend\venv\Lib\site-packages\pydantic\main.py", line 263, in __init__
    validated_self = self.__pydantic_validator__.validate_python(data, self_instance=self)
pydantic_core._pydantic_core.ValidationError: 1 validation error for Settings
debug
  Input should be a valid boolean, unable to interpret input [type=bool_parsing, input_value='release', input_type=str]
    For further information visit https://errors.pydantic.dev/2.13/v/bool_parsing
WARNING:  WatchFiles detected changes in 'app\services\settings_service.py'. Reloading...
Process SpawnProcess-12:
Traceback (most recent call last):
  File "C:\Python313\Lib\multiprocessing\process.py", line 313, in _bootstrap
    self.run()
    ~~~~~~~~^^
  File "C:\Python313\Lib\multiprocessing\process.py", line 108, in run
    self._target(*self._args, **self._kwargs)
    ~~~~~~~~~~~~^^^^^^^^^^^^^^^^^^^^^^^^^^^^^
  File "c:\SKOL WORKS\PROJECT\ai exam checker\backend\venv\Lib\site-packages\uvicorn\_subprocess.py", line 78, in subprocess_started
    target(sockets=sockets)
    ~~~~~~^^^^^^^^^^^^^^^^^
  File "c:\SKOL WORKS\PROJECT\ai exam checker\backend\venv\Lib\site-packages\uvicorn\server.py", line 62, in run
    return asyncio.run(self.serve(sockets=sockets))
           ~~~~~~~~~~~^^^^^^^^^^^^^^^^^^^^^^^^^^^^^
  File "C:\Python313\Lib\asyncio\runners.py", line 195, in run
    return runner.run(main)
           ~~~~~~~~~~^^^^^^
  File "C:\Python313\Lib\asyncio\runners.py", line 118, in run
    return self._loop.run_until_complete(task)
           ~~~~~~~~~~~~~~~~~~~~~~~~~~~~~^^^^^^
  File "C:\Python313\Lib\asyncio\base_events.py", line 725, in run_until_complete
    return future.result()
           ~~~~~~~~~~~~~^^
  File "c:\SKOL WORKS\PROJECT\ai exam checker\backend\venv\Lib\site-packages\uvicorn\server.py", line 69, in serve
    config.load()
    ~~~~~~~~~~~^^
  File "c:\SKOL WORKS\PROJECT\ai exam checker\backend\venv\Lib\site-packages\uvicorn\config.py", line 458, in load
    self.loaded_app = import_from_string(self.app)
                      ~~~~~~~~~~~~~~~~~~^^^^^^^^^^
  File "c:\SKOL WORKS\PROJECT\ai exam checker\backend\venv\Lib\site-packages\uvicorn\importer.py", line 21, in import_from_string
    module = importlib.import_module(module_str)
  File "C:\Python313\Lib\importlib\__init__.py", line 88, in import_module
    return _bootstrap._gcd_import(name[level:], package, level)
           ~~~~~~~~~~~~~~~~~~~~~~^^^^^^^^^^^^^^^^^^^^^^^^^^^^^^
  File "<frozen importlib._bootstrap>", line 1387, in _gcd_import
  File "<frozen importlib._bootstrap>", line 1360, in _find_and_load
  File "<frozen importlib._bootstrap>", line 1331, in _find_and_load_unlocked
  File "<frozen importlib._bootstrap>", line 935, in _load_unlocked
  File "<frozen importlib._bootstrap_external>", line 1026, in exec_module
  File "<frozen importlib._bootstrap>", line 488, in _call_with_frames_removed
  File "c:\SKOL WORKS\PROJECT\ai exam checker\backend\main.py", line 12, in <module>
    from app.config import settings
  File "c:\SKOL WORKS\PROJECT\ai exam checker\backend\app\config.py", line 97, in <module>
    settings = Settings()
  File "c:\SKOL WORKS\PROJECT\ai exam checker\backend\venv\Lib\site-packages\pydantic_settings\main.py", line 247, in __init__
    super().__init__(**__pydantic_self__.__class__._settings_build_values(sources, init_kwargs))
    ~~~~~~~~~~~~~~~~^^^^^^^^^^^^^^^^^^^^^^^^^^^^^^^^^^^^^^^^^^^^^^^^^^^^^^^^^^^^^^^^^^^^^^^^^^^^
  File "c:\SKOL WORKS\PROJECT\ai exam checker\backend\venv\Lib\site-packages\pydantic\main.py", line 263, in __init__
    validated_self = self.__pydantic_validator__.validate_python(data, self_instance=self)
pydantic_core._pydantic_core.ValidationError: 1 validation error for Settings
debug
  Input should be a valid boolean, unable to interpret input [type=bool_parsing, input_value='release', input_type=str]
    For further information visit https://errors.pydantic.dev/2.13/v/bool_parsing
WARNING:  WatchFiles detected changes in 'venv\Lib\site-packages\cv2\config.py', 'venv\Lib\site-packages\cv2\__init__.py', 'venv\Lib\site-packages\cv2\config-3.py'. Reloading...
Process SpawnProcess-13:
Traceback (most recent call last):
  File "C:\Python313\Lib\multiprocessing\process.py", line 313, in _bootstrap
    self.run()
    ~~~~~~~~^^
  File "C:\Python313\Lib\multiprocessing\process.py", line 108, in run
    self._target(*self._args, **self._kwargs)
    ~~~~~~~~~~~~^^^^^^^^^^^^^^^^^^^^^^^^^^^^^
  File "c:\SKOL WORKS\PROJECT\ai exam checker\backend\venv\Lib\site-packages\uvicorn\_subprocess.py", line 78, in subprocess_started
    target(sockets=sockets)
    ~~~~~~^^^^^^^^^^^^^^^^^
  File "c:\SKOL WORKS\PROJECT\ai exam checker\backend\venv\Lib\site-packages\uvicorn\server.py", line 62, in run
    return asyncio.run(self.serve(sockets=sockets))
           ~~~~~~~~~~~^^^^^^^^^^^^^^^^^^^^^^^^^^^^^
  File "C:\Python313\Lib\asyncio\runners.py", line 195, in run
    return runner.run(main)
           ~~~~~~~~~~^^^^^^
  File "C:\Python313\Lib\asyncio\runners.py", line 118, in run
    return self._loop.run_until_complete(task)
           ~~~~~~~~~~~~~~~~~~~~~~~~~~~~~^^^^^^
  File "C:\Python313\Lib\asyncio\base_events.py", line 725, in run_until_complete
    return future.result()
           ~~~~~~~~~~~~~^^
  File "c:\SKOL WORKS\PROJECT\ai exam checker\backend\venv\Lib\site-packages\uvicorn\server.py", line 69, in serve
    config.load()
    ~~~~~~~~~~~^^
  File "c:\SKOL WORKS\PROJECT\ai exam checker\backend\venv\Lib\site-packages\uvicorn\config.py", line 458, in load
    self.loaded_app = import_from_string(self.app)
                      ~~~~~~~~~~~~~~~~~~^^^^^^^^^^
  File "c:\SKOL WORKS\PROJECT\ai exam checker\backend\venv\Lib\site-packages\uvicorn\importer.py", line 21, in import_from_string
    module = importlib.import_module(module_str)
  File "C:\Python313\Lib\importlib\__init__.py", line 88, in import_module
    return _bootstrap._gcd_import(name[level:], package, level)
           ~~~~~~~~~~~~~~~~~~~~~~^^^^^^^^^^^^^^^^^^^^^^^^^^^^^^
  File "<frozen importlib._bootstrap>", line 1387, in _gcd_import
  File "<frozen importlib._bootstrap>", line 1360, in _find_and_load
  File "<frozen importlib._bootstrap>", line 1331, in _find_and_load_unlocked
  File "<frozen importlib._bootstrap>", line 935, in _load_unlocked
  File "<frozen importlib._bootstrap_external>", line 1026, in exec_module
  File "<frozen importlib._bootstrap>", line 488, in _call_with_frames_removed
  File "c:\SKOL WORKS\PROJECT\ai exam checker\backend\main.py", line 12, in <module>
    from app.config import settings
  File "c:\SKOL WORKS\PROJECT\ai exam checker\backend\app\config.py", line 97, in <module>
    settings = Settings()
  File "c:\SKOL WORKS\PROJECT\ai exam checker\backend\venv\Lib\site-packages\pydantic_settings\main.py", line 247, in __init__
    super().__init__(**__pydantic_self__.__class__._settings_build_values(sources, init_kwargs))
    ~~~~~~~~~~~~~~~~^^^^^^^^^^^^^^^^^^^^^^^^^^^^^^^^^^^^^^^^^^^^^^^^^^^^^^^^^^^^^^^^^^^^^^^^^^^^
  File "c:\SKOL WORKS\PROJECT\ai exam checker\backend\venv\Lib\site-packages\pydantic\main.py", line 263, in __init__
    validated_self = self.__pydantic_validator__.validate_python(data, self_instance=self)
pydantic_core._pydantic_core.ValidationError: 1 validation error for Settings
debug
  Input should be a valid boolean, unable to interpret input [type=bool_parsing, input_value='release', input_type=str]
    For further information visit https://errors.pydantic.dev/2.13/v/bool_parsing
WARNING:  WatchFiles detected changes in 'venv\Lib\site-packages\~v2\config-3.py', 'venv\Lib\site-packages\cv2\data\__init__.py', 'venv\Lib\site-packages\~v2\gapi\__init__.py', 'venv\Lib\site-packages\cv2\typing\__init__.py', 'venv\Lib\site-packages\cv2\mat_wrapper\__init__.py', 'venv\Lib\site-packages\~v2\load_config_py2.py', 'venv\Lib\site-packages\~v2\__init__.py', 'venv\Lib\site-packages\~v2\data\__init__.py', 'venv\Lib\site-packages\cv2\load_config_py3.py', 'venv\Lib\site-packages\cv2\utils\__init__.py', 'venv\Lib\site-packages\~v2\misc\version.py', 'venv\Lib\site-packages\~v2\load_config_py3.py', 'venv\Lib\site-packages\~v2\misc\__init__.py', 'venv\Lib\site-packages\cv2\misc\__init__.py', 'venv\Lib\site-packages\cv2\load_config_py2.py', 'venv\Lib\site-packages\~v2\typing\__init__.py', 'venv\Lib\site-packages\~v2\utils\__init__.py', 'venv\Lib\site-packages\~v2\config.py', 'venv\Lib\site-packages\cv2\misc\version.py', 'venv\Lib\site-packages\~v2\mat_wrapper\__init__.py', 'venv\Lib\site-packages\~v2\version.py', 'venv\Lib\site-packages\cv2\version.py'. Reloading...
Process SpawnProcess-14:
Traceback (most recent call last):
  File "C:\Python313\Lib\multiprocessing\process.py", line 313, in _bootstrap
    self.run()
    ~~~~~~~~^^
  File "C:\Python313\Lib\multiprocessing\process.py", line 108, in run
    self._target(*self._args, **self._kwargs)
    ~~~~~~~~~~~~^^^^^^^^^^^^^^^^^^^^^^^^^^^^^
  File "c:\SKOL WORKS\PROJECT\ai exam checker\backend\venv\Lib\site-packages\uvicorn\_subprocess.py", line 78, in subprocess_started
    target(sockets=sockets)
    ~~~~~~^^^^^^^^^^^^^^^^^
  File "c:\SKOL WORKS\PROJECT\ai exam checker\backend\venv\Lib\site-packages\uvicorn\server.py", line 62, in run
    return asyncio.run(self.serve(sockets=sockets))
           ~~~~~~~~~~~^^^^^^^^^^^^^^^^^^^^^^^^^^^^^
  File "C:\Python313\Lib\asyncio\runners.py", line 195, in run
    return runner.run(main)
           ~~~~~~~~~~^^^^^^
  File "C:\Python313\Lib\asyncio\runners.py", line 118, in run
    return self._loop.run_until_complete(task)
           ~~~~~~~~~~~~~~~~~~~~~~~~~~~~~^^^^^^
  File "C:\Python313\Lib\asyncio\base_events.py", line 725, in run_until_complete
    return future.result()
           ~~~~~~~~~~~~~^^
  File "c:\SKOL WORKS\PROJECT\ai exam checker\backend\venv\Lib\site-packages\uvicorn\server.py", line 69, in serve
    config.load()
    ~~~~~~~~~~~^^
  File "c:\SKOL WORKS\PROJECT\ai exam checker\backend\venv\Lib\site-packages\uvicorn\config.py", line 458, in load
    self.loaded_app = import_from_string(self.app)
                      ~~~~~~~~~~~~~~~~~~^^^^^^^^^^
  File "c:\SKOL WORKS\PROJECT\ai exam checker\backend\venv\Lib\site-packages\uvicorn\importer.py", line 21, in import_from_string
    module = importlib.import_module(module_str)
  File "C:\Python313\Lib\importlib\__init__.py", line 88, in import_module
    return _bootstrap._gcd_import(name[level:], package, level)
           ~~~~~~~~~~~~~~~~~~~~~~^^^^^^^^^^^^^^^^^^^^^^^^^^^^^^
  File "<frozen importlib._bootstrap>", line 1387, in _gcd_import
  File "<frozen importlib._bootstrap>", line 1360, in _find_and_load
  File "<frozen importlib._bootstrap>", line 1331, in _find_and_load_unlocked
  File "<frozen importlib._bootstrap>", line 935, in _load_unlocked
  File "<frozen importlib._bootstrap_external>", line 1026, in exec_module
  File "<frozen importlib._bootstrap>", line 488, in _call_with_frames_removed
  File "c:\SKOL WORKS\PROJECT\ai exam checker\backend\main.py", line 12, in <module>
    from app.config import settings
  File "c:\SKOL WORKS\PROJECT\ai exam checker\backend\app\config.py", line 97, in <module>
    settings = Settings()
  File "c:\SKOL WORKS\PROJECT\ai exam checker\backend\venv\Lib\site-packages\pydantic_settings\main.py", line 247, in __init__
    super().__init__(**__pydantic_self__.__class__._settings_build_values(sources, init_kwargs))
    ~~~~~~~~~~~~~~~~^^^^^^^^^^^^^^^^^^^^^^^^^^^^^^^^^^^^^^^^^^^^^^^^^^^^^^^^^^^^^^^^^^^^^^^^^^^^
  File "c:\SKOL WORKS\PROJECT\ai exam checker\backend\venv\Lib\site-packages\pydantic\main.py", line 263, in __init__
    validated_self = self.__pydantic_validator__.validate_python(data, self_instance=self)
pydantic_core._pydantic_core.ValidationError: 1 validation error for Settings
debug
  Input should be a valid boolean, unable to interpret input [type=bool_parsing, input_value='release', input_type=str]
    For further information visit https://errors.pydantic.dev/2.13/v/bool_parsing
WARNING:  WatchFiles detected changes in 'app\firebase\init_firebase.py'. Reloading...
Process SpawnProcess-15:
Traceback (most recent call last):
  File "C:\Python313\Lib\multiprocessing\process.py", line 313, in _bootstrap
    self.run()
    ~~~~~~~~^^
  File "C:\Python313\Lib\multiprocessing\process.py", line 108, in run
    self._target(*self._args, **self._kwargs)
    ~~~~~~~~~~~~^^^^^^^^^^^^^^^^^^^^^^^^^^^^^
  File "c:\SKOL WORKS\PROJECT\ai exam checker\backend\venv\Lib\site-packages\uvicorn\_subprocess.py", line 78, in subprocess_started
    target(sockets=sockets)
    ~~~~~~^^^^^^^^^^^^^^^^^
  File "c:\SKOL WORKS\PROJECT\ai exam checker\backend\venv\Lib\site-packages\uvicorn\server.py", line 62, in run
    return asyncio.run(self.serve(sockets=sockets))
           ~~~~~~~~~~~^^^^^^^^^^^^^^^^^^^^^^^^^^^^^
  File "C:\Python313\Lib\asyncio\runners.py", line 195, in run
    return runner.run(main)
           ~~~~~~~~~~^^^^^^
  File "C:\Python313\Lib\asyncio\runners.py", line 118, in run
    return self._loop.run_until_complete(task)
           ~~~~~~~~~~~~~~~~~~~~~~~~~~~~~^^^^^^
  File "C:\Python313\Lib\asyncio\base_events.py", line 725, in run_until_complete
    return future.result()
           ~~~~~~~~~~~~~^^
  File "c:\SKOL WORKS\PROJECT\ai exam checker\backend\venv\Lib\site-packages\uvicorn\server.py", line 69, in serve
    config.load()
    ~~~~~~~~~~~^^
  File "c:\SKOL WORKS\PROJECT\ai exam checker\backend\venv\Lib\site-packages\uvicorn\config.py", line 458, in load
    self.loaded_app = import_from_string(self.app)
                      ~~~~~~~~~~~~~~~~~~^^^^^^^^^^
  File "c:\SKOL WORKS\PROJECT\ai exam checker\backend\venv\Lib\site-packages\uvicorn\importer.py", line 21, in import_from_string
    module = importlib.import_module(module_str)
  File "C:\Python313\Lib\importlib\__init__.py", line 88, in import_module
    return _bootstrap._gcd_import(name[level:], package, level)
           ~~~~~~~~~~~~~~~~~~~~~~^^^^^^^^^^^^^^^^^^^^^^^^^^^^^^
  File "<frozen importlib._bootstrap>", line 1387, in _gcd_import
  File "<frozen importlib._bootstrap>", line 1360, in _find_and_load
  File "<frozen importlib._bootstrap>", line 1331, in _find_and_load_unlocked
  File "<frozen importlib._bootstrap>", line 935, in _load_unlocked
  File "<frozen importlib._bootstrap_external>", line 1026, in exec_module
  File "<frozen importlib._bootstrap>", line 488, in _call_with_frames_removed
  File "c:\SKOL WORKS\PROJECT\ai exam checker\backend\main.py", line 12, in <module>
    from app.config import settings
  File "c:\SKOL WORKS\PROJECT\ai exam checker\backend\app\config.py", line 97, in <module>
    settings = Settings()
  File "c:\SKOL WORKS\PROJECT\ai exam checker\backend\venv\Lib\site-packages\pydantic_settings\main.py", line 247, in __init__
    super().__init__(**__pydantic_self__.__class__._settings_build_values(sources, init_kwargs))
    ~~~~~~~~~~~~~~~~^^^^^^^^^^^^^^^^^^^^^^^^^^^^^^^^^^^^^^^^^^^^^^^^^^^^^^^^^^^^^^^^^^^^^^^^^^^^
  File "c:\SKOL WORKS\PROJECT\ai exam checker\backend\venv\Lib\site-packages\pydantic\main.py", line 263, in __init__
    validated_self = self.__pydantic_validator__.validate_python(data, self_instance=self)
pydantic_core._pydantic_core.ValidationError: 1 validation error for Settings
debug
  Input should be a valid boolean, unable to interpret input [type=bool_parsing, input_value='release', input_type=str]
    For further information visit https://errors.pydantic.dev/2.13/v/bool_parsing
WARNING:  WatchFiles detected changes in 'app\firebase\init_firebase.py'. Reloading...
Process SpawnProcess-16:
Traceback (most recent call last):
  File "C:\Python313\Lib\multiprocessing\process.py", line 313, in _bootstrap
    self.run()
    ~~~~~~~~^^
  File "C:\Python313\Lib\multiprocessing\process.py", line 108, in run
    self._target(*self._args, **self._kwargs)
    ~~~~~~~~~~~~^^^^^^^^^^^^^^^^^^^^^^^^^^^^^
  File "c:\SKOL WORKS\PROJECT\ai exam checker\backend\venv\Lib\site-packages\uvicorn\_subprocess.py", line 78, in subprocess_started
    target(sockets=sockets)
    ~~~~~~^^^^^^^^^^^^^^^^^
  File "c:\SKOL WORKS\PROJECT\ai exam checker\backend\venv\Lib\site-packages\uvicorn\server.py", line 62, in run
    return asyncio.run(self.serve(sockets=sockets))
           ~~~~~~~~~~~^^^^^^^^^^^^^^^^^^^^^^^^^^^^^
  File "C:\Python313\Lib\asyncio\runners.py", line 195, in run
    return runner.run(main)
           ~~~~~~~~~~^^^^^^
  File "C:\Python313\Lib\asyncio\runners.py", line 118, in run
    return self._loop.run_until_complete(task)
           ~~~~~~~~~~~~~~~~~~~~~~~~~~~~~^^^^^^
  File "C:\Python313\Lib\asyncio\base_events.py", line 725, in run_until_complete
    return future.result()
           ~~~~~~~~~~~~~^^
  File "c:\SKOL WORKS\PROJECT\ai exam checker\backend\venv\Lib\site-packages\uvicorn\server.py", line 69, in serve
    config.load()
    ~~~~~~~~~~~^^
  File "c:\SKOL WORKS\PROJECT\ai exam checker\backend\venv\Lib\site-packages\uvicorn\config.py", line 458, in load
    self.loaded_app = import_from_string(self.app)
                      ~~~~~~~~~~~~~~~~~~^^^^^^^^^^
  File "c:\SKOL WORKS\PROJECT\ai exam checker\backend\venv\Lib\site-packages\uvicorn\importer.py", line 21, in import_from_string
    module = importlib.import_module(module_str)
  File "C:\Python313\Lib\importlib\__init__.py", line 88, in import_module
    return _bootstrap._gcd_import(name[level:], package, level)
           ~~~~~~~~~~~~~~~~~~~~~~^^^^^^^^^^^^^^^^^^^^^^^^^^^^^^
  File "<frozen importlib._bootstrap>", line 1387, in _gcd_import
  File "<frozen importlib._bootstrap>", line 1360, in _find_and_load
  File "<frozen importlib._bootstrap>", line 1331, in _find_and_load_unlocked
  File "<frozen importlib._bootstrap>", line 935, in _load_unlocked
  File "<frozen importlib._bootstrap_external>", line 1026, in exec_module
  File "<frozen importlib._bootstrap>", line 488, in _call_with_frames_removed
  File "c:\SKOL WORKS\PROJECT\ai exam checker\backend\main.py", line 12, in <module>
    from app.config import settings
  File "c:\SKOL WORKS\PROJECT\ai exam checker\backend\app\config.py", line 97, in <module>
    settings = Settings()
  File "c:\SKOL WORKS\PROJECT\ai exam checker\backend\venv\Lib\site-packages\pydantic_settings\main.py", line 247, in __init__
    super().__init__(**__pydantic_self__.__class__._settings_build_values(sources, init_kwargs))
    ~~~~~~~~~~~~~~~~^^^^^^^^^^^^^^^^^^^^^^^^^^^^^^^^^^^^^^^^^^^^^^^^^^^^^^^^^^^^^^^^^^^^^^^^^^^^
  File "c:\SKOL WORKS\PROJECT\ai exam checker\backend\venv\Lib\site-packages\pydantic\main.py", line 263, in __init__
    validated_self = self.__pydantic_validator__.validate_python(data, self_instance=self)
pydantic_core._pydantic_core.ValidationError: 1 validation error for Settings
debug
  Input should be a valid boolean, unable to interpret input [type=bool_parsing, input_value='release', input_type=str]
    For further information visit https://errors.pydantic.dev/2.13/v/bool_parsing
WARNING:  WatchFiles detected changes in 'app\firebase\init_firebase.py'. Reloading...
Process SpawnProcess-17:
Traceback (most recent call last):
  File "C:\Python313\Lib\multiprocessing\process.py", line 313, in _bootstrap
    self.run()
    ~~~~~~~~^^
  File "C:\Python313\Lib\multiprocessing\process.py", line 108, in run
    self._target(*self._args, **self._kwargs)
    ~~~~~~~~~~~~^^^^^^^^^^^^^^^^^^^^^^^^^^^^^
  File "c:\SKOL WORKS\PROJECT\ai exam checker\backend\venv\Lib\site-packages\uvicorn\_subprocess.py", line 78, in subprocess_started
    target(sockets=sockets)
    ~~~~~~^^^^^^^^^^^^^^^^^
  File "c:\SKOL WORKS\PROJECT\ai exam checker\backend\venv\Lib\site-packages\uvicorn\server.py", line 62, in run
    return asyncio.run(self.serve(sockets=sockets))
           ~~~~~~~~~~~^^^^^^^^^^^^^^^^^^^^^^^^^^^^^
  File "C:\Python313\Lib\asyncio\runners.py", line 195, in run
    return runner.run(main)
           ~~~~~~~~~~^^^^^^
  File "C:\Python313\Lib\asyncio\runners.py", line 118, in run
    return self._loop.run_until_complete(task)
           ~~~~~~~~~~~~~~~~~~~~~~~~~~~~~^^^^^^
  File "C:\Python313\Lib\asyncio\base_events.py", line 725, in run_until_complete
    return future.result()
           ~~~~~~~~~~~~~^^
  File "c:\SKOL WORKS\PROJECT\ai exam checker\backend\venv\Lib\site-packages\uvicorn\server.py", line 69, in serve
    config.load()
    ~~~~~~~~~~~^^
  File "c:\SKOL WORKS\PROJECT\ai exam checker\backend\venv\Lib\site-packages\uvicorn\config.py", line 458, in load
    self.loaded_app = import_from_string(self.app)
                      ~~~~~~~~~~~~~~~~~~^^^^^^^^^^
  File "c:\SKOL WORKS\PROJECT\ai exam checker\backend\venv\Lib\site-packages\uvicorn\importer.py", line 21, in import_from_string
    module = importlib.import_module(module_str)
  File "C:\Python313\Lib\importlib\__init__.py", line 88, in import_module
    return _bootstrap._gcd_import(name[level:], package, level)
           ~~~~~~~~~~~~~~~~~~~~~~^^^^^^^^^^^^^^^^^^^^^^^^^^^^^^
  File "<frozen importlib._bootstrap>", line 1387, in _gcd_import
  File "<frozen importlib._bootstrap>", line 1360, in _find_and_load
  File "<frozen importlib._bootstrap>", line 1331, in _find_and_load_unlocked
  File "<frozen importlib._bootstrap>", line 935, in _load_unlocked
  File "<frozen importlib._bootstrap_external>", line 1026, in exec_module
  File "<frozen importlib._bootstrap>", line 488, in _call_with_frames_removed
  File "c:\SKOL WORKS\PROJECT\ai exam checker\backend\main.py", line 12, in <module>
    from app.config import settings
  File "c:\SKOL WORKS\PROJECT\ai exam checker\backend\app\config.py", line 97, in <module>
    settings = Settings()
  File "c:\SKOL WORKS\PROJECT\ai exam checker\backend\venv\Lib\site-packages\pydantic_settings\main.py", line 247, in __init__
    super().__init__(**__pydantic_self__.__class__._settings_build_values(sources, init_kwargs))
    ~~~~~~~~~~~~~~~~^^^^^^^^^^^^^^^^^^^^^^^^^^^^^^^^^^^^^^^^^^^^^^^^^^^^^^^^^^^^^^^^^^^^^^^^^^^^
  File "c:\SKOL WORKS\PROJECT\ai exam checker\backend\venv\Lib\site-packages\pydantic\main.py", line 263, in __init__
    validated_self = self.__pydantic_validator__.validate_python(data, self_instance=self)
pydantic_core._pydantic_core.ValidationError: 1 validation error for Settings
debug
  Input should be a valid boolean, unable to interpret input [type=bool_parsing, input_value='release', input_type=str]
    For further information visit https://errors.pydantic.dev/2.13/v/bool_parsing
WARNING:  WatchFiles detected changes in 'app\config.py'. Reloading...
Process SpawnProcess-18:
Traceback (most recent call last):
  File "C:\Python313\Lib\multiprocessing\process.py", line 313, in _bootstrap
    self.run()
    ~~~~~~~~^^
  File "C:\Python313\Lib\multiprocessing\process.py", line 108, in run
    self._target(*self._args, **self._kwargs)
    ~~~~~~~~~~~~^^^^^^^^^^^^^^^^^^^^^^^^^^^^^
  File "c:\SKOL WORKS\PROJECT\ai exam checker\backend\venv\Lib\site-packages\uvicorn\_subprocess.py", line 78, in subprocess_started
    target(sockets=sockets)
    ~~~~~~^^^^^^^^^^^^^^^^^
  File "c:\SKOL WORKS\PROJECT\ai exam checker\backend\venv\Lib\site-packages\uvicorn\server.py", line 62, in run
    return asyncio.run(self.serve(sockets=sockets))
           ~~~~~~~~~~~^^^^^^^^^^^^^^^^^^^^^^^^^^^^^
  File "C:\Python313\Lib\asyncio\runners.py", line 195, in run
    return runner.run(main)
           ~~~~~~~~~~^^^^^^
  File "C:\Python313\Lib\asyncio\runners.py", line 118, in run
    return self._loop.run_until_complete(task)
           ~~~~~~~~~~~~~~~~~~~~~~~~~~~~~^^^^^^
  File "C:\Python313\Lib\asyncio\base_events.py", line 725, in run_until_complete
    return future.result()
           ~~~~~~~~~~~~~^^
  File "c:\SKOL WORKS\PROJECT\ai exam checker\backend\venv\Lib\site-packages\uvicorn\server.py", line 69, in serve
    config.load()
    ~~~~~~~~~~~^^
  File "c:\SKOL WORKS\PROJECT\ai exam checker\backend\venv\Lib\site-packages\uvicorn\config.py", line 458, in load
    self.loaded_app = import_from_string(self.app)
                      ~~~~~~~~~~~~~~~~~~^^^^^^^^^^
  File "c:\SKOL WORKS\PROJECT\ai exam checker\backend\venv\Lib\site-packages\uvicorn\importer.py", line 21, in import_from_string
    module = importlib.import_module(module_str)
  File "C:\Python313\Lib\importlib\__init__.py", line 88, in import_module
    return _bootstrap._gcd_import(name[level:], package, level)
           ~~~~~~~~~~~~~~~~~~~~~~^^^^^^^^^^^^^^^^^^^^^^^^^^^^^^
  File "<frozen importlib._bootstrap>", line 1387, in _gcd_import
  File "<frozen importlib._bootstrap>", line 1360, in _find_and_load
  File "<frozen importlib._bootstrap>", line 1331, in _find_and_load_unlocked
  File "<frozen importlib._bootstrap>", line 935, in _load_unlocked
  File "<frozen importlib._bootstrap_external>", line 1026, in exec_module
  File "<frozen importlib._bootstrap>", line 488, in _call_with_frames_removed
  File "c:\SKOL WORKS\PROJECT\ai exam checker\backend\main.py", line 12, in <module>
    from app.config import settings
  File "c:\SKOL WORKS\PROJECT\ai exam checker\backend\app\config.py", line 97, in <module>
    settings = Settings()
  File "c:\SKOL WORKS\PROJECT\ai exam checker\backend\venv\Lib\site-packages\pydantic_settings\main.py", line 247, in __init__
    super().__init__(**__pydantic_self__.__class__._settings_build_values(sources, init_kwargs))
    ~~~~~~~~~~~~~~~~^^^^^^^^^^^^^^^^^^^^^^^^^^^^^^^^^^^^^^^^^^^^^^^^^^^^^^^^^^^^^^^^^^^^^^^^^^^^
  File "c:\SKOL WORKS\PROJECT\ai exam checker\backend\venv\Lib\site-packages\pydantic\main.py", line 263, in __init__
    validated_self = self.__pydantic_validator__.validate_python(data, self_instance=self)
pydantic_core._pydantic_core.ValidationError: 1 validation error for Settings
debug
  Input should be a valid boolean, unable to interpret input [type=bool_parsing, input_value='release', input_type=str]
    For further information visit https://errors.pydantic.dev/2.13/v/bool_parsing
